\BOOKMARK [1][-]{section.1}{Protein background}{}% 1
\BOOKMARK [2][-]{subsection.1.1}{Functions}{section.1}% 2
\BOOKMARK [2][-]{subsection.1.2}{Structure}{section.1}% 3
\BOOKMARK [3][-]{subsubsection.1.2.1}{Secondary Structure}{subsection.1.2}% 4
\BOOKMARK [2][-]{subsection.1.3}{Attempts at learning proteins}{section.1}% 5
\BOOKMARK [1][-]{section.2}{Holography}{}% 6
\BOOKMARK [2][-]{subsection.2.1}{In Line Holography}{section.2}% 7
\BOOKMARK [2][-]{subsection.2.2}{Spherical holography}{section.2}% 8
\BOOKMARK [1][-]{section.3}{Group Theory}{}% 9
\BOOKMARK [2][-]{subsection.3.1}{Wigner D-matrices are irreps of SO\(3\)}{section.3}% 10
\BOOKMARK [2][-]{subsection.3.2}{Wigner D-matrices form complete orthogonal basis over functions from SO\(3\) C}{section.3}% 11
\BOOKMARK [2][-]{subsection.3.3}{Wigner D-matrices naturally decompose C\(SO\(3\)\) into invariant subspaces via the projection operators}{section.3}% 12
\BOOKMARK [3][-]{subsubsection.3.3.1}{Mike's convolution}{subsection.3.3}% 13
\BOOKMARK [3][-]{subsubsection.3.3.2}{Convolution for functions over S2}{subsection.3.3}% 14
\BOOKMARK [1][-]{section.4}{Covariant network}{}% 15
\BOOKMARK [2][-]{subsection.4.1}{Inputs}{section.4}% 16
\BOOKMARK [2][-]{subsection.4.2}{Linear Combination}{section.4}% 17
\BOOKMARK [2][-]{subsection.4.3}{Non-linearity \046 Clebsch-Gordan Decomposition}{section.4}% 18
\BOOKMARK [2][-]{subsection.4.4}{Fully Connected Layer}{section.4}% 19
\BOOKMARK [1][-]{section.5}{Results}{}% 20
\BOOKMARK [2][-]{subsection.5.1}{Holographic Analysis of Amino Acids}{section.5}% 21
\BOOKMARK [3][-]{subsubsection.5.1.1}{Glycine-Tryptophan}{subsection.5.1}% 22
\BOOKMARK [2][-]{subsection.5.2}{Classification of Amino Acid Structures}{section.5}% 23
\BOOKMARK [2][-]{subsection.5.3}{Neighborhood analysis}{section.5}% 24
\BOOKMARK [3][-]{subsubsection.5.3.1}{Non-holographic analysis}{subsection.5.3}% 25
\BOOKMARK [2][-]{subsection.5.4}{Classification of neighborhoods}{section.5}% 26
